# JRE version: OpenJDK Runtime Environment (17.0.11) (build 17.0.11+0--11852314)
# Java VM: OpenJDK 64-Bit Server VM (17.0.11+0--11852314, mixed mode, tiered, compressed oops, compressed class ptrs, g1 gc, windows-amd64)
GC Precious Log:
 CPUs: 8 total, 8 available
 Memory: 7997M
 Large Page Support: Disabled
 NUMA Support: Disabled
 Compressed Oops: Enabled (Zero based)
 Heap Region Size: 2M
 Heap Min Capacity: 8M
 Heap Initial Capacity: 126M
 Heap Max Capacity: 4G
 Pre-touch: Disabled
 Parallel Workers: 8
 Concurrent Workers: 2
 Concurrent Refinement Workers: 8
 Periodic GC: Disabled
Heap:
 garbage-first heap   total 143360K, used 84710K [0x0000000700000000, 0x0000000800000000)
  region size 2048K, 2 young (4096K), 2 survivors (4096K)
 Metaspace       used 85225K, committed 85888K, reserved 1179648K
  class space    used 11476K, committed 11776K, reserved 1048576K
GC Heap History (20 events):
Event: 60.900 GC heap after
{Heap after GC invocations=44 (full 0):
 garbage-first heap   total 106496K, used 70897K [0x0000000700000000, 0x0000000800000000)
  region size 2048K, 2 young (4096K), 2 survivors (4096K)
 Metaspace       used 83283K, committed 83904K, reserved 1179648K
  class space    used 11229K, committed 11520K, reserved 1048576K
}
Event: 61.505 GC heap before
{Heap before GC invocations=44 (full 0):
 garbage-first heap   total 106496K, used 85233K [0x0000000700000000, 0x0000000800000000)
  region size 2048K, 9 young (18432K), 2 survivors (4096K)
 Metaspace       used 83727K, committed 84416K, reserved 1179648K
  class space    used 11299K, committed 11648K, reserved 1048576K
}
Event: 61.511 GC heap after
{Heap after GC invocations=45 (full 0):
 garbage-first heap   total 106496K, used 72504K [0x0000000700000000, 0x0000000800000000)
  region size 2048K, 2 young (4096K), 2 survivors (4096K)
 Metaspace       used 83727K, committed 84416K, reserved 1179648K
  class space    used 11299K, committed 11648K, reserved 1048576K
}
Event: 62.068 GC heap before
{Heap before GC invocations=45 (full 0):
 garbage-first heap   total 106496K, used 86840K [0x0000000700000000, 0x0000000800000000)
  region size 2048K, 9 young (18432K), 2 survivors (4096K)
 Metaspace       used 83981K, committed 84608K, reserved 1179648K
  class space    used 11352K, committed 11648K, reserved 1048576K
}
Event: 62.074 GC heap after
{Heap after GC invocations=46 (full 0):
 garbage-first heap   total 106496K, used 74184K [0x0000000700000000, 0x0000000800000000)
  region size 2048K, 2 young (4096K), 2 survivors (4096K)
 Metaspace       used 83981K, committed 84608K, reserved 1179648K
  class space    used 11352K, committed 11648K, reserved 1048576K
}
Event: 62.371 GC heap before
{Heap before GC invocations=46 (full 0):
 garbage-first heap   total 106496K, used 86472K [0x0000000700000000, 0x0000000800000000)
  region size 2048K, 8 young (16384K), 2 survivors (4096K)
 Metaspace       used 84129K, committed 84800K, reserved 1179648K
  class space    used 11375K, committed 11712K, reserved 1048576K
}
Event: 62.376 GC heap after
{Heap after GC invocations=47 (full 0):
 garbage-first heap   total 106496K, used 74576K [0x0000000700000000, 0x0000000800000000)
  region size 2048K, 1 young (2048K), 1 survivors (2048K)
 Metaspace       used 84129K, committed 84800K, reserved 1179648K
  class space    used 11375K, committed 11712K, reserved 1048576K
}
Event: 63.462 GC heap before
{Heap before GC invocations=47 (full 0):
 garbage-first heap   total 106496K, used 86864K [0x0000000700000000, 0x0000000800000000)
  region size 2048K, 7 young (14336K), 1 survivors (2048K)
 Metaspace       used 84337K, committed 85056K, reserved 1179648K
  class space    used 11383K, committed 11712K, reserved 1048576K
}
Event: 63.467 GC heap after
{Heap after GC invocations=48 (full 0):
 garbage-first heap   total 106496K, used 75739K [0x0000000700000000, 0x0000000800000000)
  region size 2048K, 1 young (2048K), 1 survivors (2048K)
 Metaspace       used 84337K, committed 85056K, reserved 1179648K
  class space    used 11383K, committed 11712K, reserved 1048576K
}
Event: 64.601 GC heap before
{Heap before GC invocations=48 (full 0):
 garbage-first heap   total 106496K, used 85979K [0x0000000700000000, 0x0000000800000000)
  region size 2048K, 7 young (14336K), 1 survivors (2048K)
 Metaspace       used 84444K, committed 85120K, reserved 1179648K
  class space    used 11386K, committed 11712K, reserved 1048576K
}
Event: 64.605 GC heap after
{Heap after GC invocations=49 (full 0):
 garbage-first heap   total 106496K, used 75755K [0x0000000700000000, 0x0000000800000000)
  region size 2048K, 1 young (2048K), 1 survivors (2048K)
 Metaspace       used 84444K, committed 85120K, reserved 1179648K
  class space    used 11386K, committed 11712K, reserved 1048576K
}
Event: 64.822 GC heap before
{Heap before GC invocations=49 (full 0):
 garbage-first heap   total 106496K, used 77803K [0x0000000700000000, 0x0000000800000000)
  region size 2048K, 3 young (6144K), 1 survivors (2048K)
 Metaspace       used 84449K, committed 85184K, reserved 1179648K
  class space    used 11386K, committed 11712K, reserved 1048576K
}
Event: 64.825 GC heap after
{Heap after GC invocations=50 (full 0):
 garbage-first heap   total 106496K, used 77454K [0x0000000700000000, 0x0000000800000000)
  region size 2048K, 1 young (2048K), 1 survivors (2048K)
 Metaspace       used 84449K, committed 85184K, reserved 1179648K
  class space    used 11386K, committed 11712K, reserved 1048576K
}
Event: 65.273 GC heap before
{Heap before GC invocations=50 (full 0):
 garbage-first heap   total 106496K, used 89742K [0x0000000700000000, 0x0000000800000000)
  region size 2048K, 5 young (10240K), 1 survivors (2048K)
 Metaspace       used 85021K, committed 85760K, reserved 1179648K
  class space    used 11445K, committed 11776K, reserved 1048576K
}
Event: 65.276 GC heap after
{Heap after GC invocations=51 (full 0):
 garbage-first heap   total 106496K, used 82696K [0x0000000700000000, 0x0000000800000000)
  region size 2048K, 1 young (2048K), 1 survivors (2048K)
 Metaspace       used 85021K, committed 85760K, reserved 1179648K
  class space    used 11445K, committed 11776K, reserved 1048576K
}
Event: 65.449 GC heap before
{Heap before GC invocations=51 (full 0):
 garbage-first heap   total 106496K, used 86792K [0x0000000700000000, 0x0000000800000000)
  region size 2048K, 3 young (6144K), 1 survivors (2048K)
 Metaspace       used 85095K, committed 85824K, reserved 1179648K
  class space    used 11458K, committed 11776K, reserved 1048576K
}
Event: 65.452 GC heap after
{Heap after GC invocations=52 (full 0):
 garbage-first heap   total 106496K, used 83005K [0x0000000700000000, 0x0000000800000000)
  region size 2048K, 1 young (2048K), 1 survivors (2048K)
 Metaspace       used 85095K, committed 85824K, reserved 1179648K
  class space    used 11458K, committed 11776K, reserved 1048576K
}
Event: 65.632 GC heap before
{Heap before GC invocations=53 (full 0):
 garbage-first heap   total 143360K, used 87101K [0x0000000700000000, 0x0000000800000000)
  region size 2048K, 3 young (6144K), 1 survivors (2048K)
 Metaspace       used 85095K, committed 85824K, reserved 1179648K
  class space    used 11458K, committed 11776K, reserved 1048576K
}
Event: 65.635 GC heap after
{Heap after GC invocations=54 (full 0):
 garbage-first heap   total 143360K, used 83007K [0x0000000700000000, 0x0000000800000000)
  region size 2048K, 1 young (2048K), 1 survivors (2048K)
 Metaspace       used 85095K, committed 85824K, reserved 1179648K
  class space    used 11458K, committed 11776K, reserved 1048576K
}
Event: 66.065 GC heap before
{Heap before GC invocations=54 (full 0):
 garbage-first heap   total 143360K, used 109631K [0x0000000700000000, 0x0000000800000000)
  region size 2048K, 14 young (28672K), 1 survivors (2048K)
 Metaspace       used 85225K, committed 85888K, reserved 1179648K
  class space    used 11476K, committed 11776K, reserved 1048576K
}

