# JRE version: OpenJDK Runtime Environment (17.0.11) (build 17.0.11+0--11852314)
# Java VM: OpenJDK 64-Bit Server VM (17.0.11+0--11852314, mixed mode, tiered, compressed oops, compressed class ptrs, g1 gc, windows-amd64)
GC Precious Log:
 CPUs: 8 total, 8 available
 Memory: 7997M
 Large Page Support: Disabled
 NUMA Support: Disabled
 Compressed Oops: Enabled (Zero based)
 Heap Region Size: 2M
 Heap Min Capacity: 8M
 Heap Initial Capacity: 126M
 Heap Max Capacity: 4G
 Pre-touch: Disabled
 Parallel Workers: 8
 Concurrent Workers: 2
 Concurrent Refinement Workers: 8
 Periodic GC: Disabled
Heap:
 garbage-first heap   total 839680K, used 237099K [0x0000000700000000, 0x0000000800000000)
  region size 2048K, 3 young (6144K), 3 survivors (6144K)
 Metaspace       used 162879K, committed 164992K, reserved 1245184K
  class space    used 21112K, committed 22080K, reserved 1048576K
GC Heap History (20 events):
Event: 1297.666 GC heap after
{Heap after GC invocations=59 (full 0):
 garbage-first heap   total 839680K, used 316866K [0x0000000700000000, 0x0000000800000000)
  region size 2048K, 6 young (12288K), 6 survivors (12288K)
 Metaspace       used 135924K, committed 137984K, reserved 1179648K
  class space    used 18066K, committed 18944K, reserved 1048576K
}
Event: 1302.363 GC heap before
{Heap before GC invocations=59 (full 0):
 garbage-first heap   total 839680K, used 626114K [0x0000000700000000, 0x0000000800000000)
  region size 2048K, 158 young (323584K), 6 survivors (12288K)
 Metaspace       used 137718K, committed 139712K, reserved 1179648K
  class space    used 18214K, committed 19072K, reserved 1048576K
}
Event: 1302.383 GC heap after
{Heap after GC invocations=60 (full 0):
 garbage-first heap   total 839680K, used 315916K [0x0000000700000000, 0x0000000800000000)
  region size 2048K, 6 young (12288K), 6 survivors (12288K)
 Metaspace       used 137718K, committed 139712K, reserved 1179648K
  class space    used 18214K, committed 19072K, reserved 1048576K
}
Event: 1308.103 GC heap before
{Heap before GC invocations=60 (full 0):
 garbage-first heap   total 839680K, used 533004K [0x0000000700000000, 0x0000000800000000)
  region size 2048K, 73 young (149504K), 6 survivors (12288K)
 Metaspace       used 144760K, committed 146880K, reserved 1179648K
  class space    used 18933K, committed 19904K, reserved 1048576K
}
Event: 1308.293 GC heap after
{Heap after GC invocations=61 (full 0):
 garbage-first heap   total 839680K, used 357522K [0x0000000700000000, 0x0000000800000000)
  region size 2048K, 5 young (10240K), 5 survivors (10240K)
 Metaspace       used 144760K, committed 146880K, reserved 1179648K
  class space    used 18933K, committed 19904K, reserved 1048576K
}
Event: 1317.528 GC heap before
{Heap before GC invocations=61 (full 0):
 garbage-first heap   total 839680K, used 537746K [0x0000000700000000, 0x0000000800000000)
  region size 2048K, 73 young (149504K), 5 survivors (10240K)
 Metaspace       used 155293K, committed 157376K, reserved 1245184K
  class space    used 20204K, committed 21120K, reserved 1048576K
}
Event: 1317.655 GC heap after
{Heap after GC invocations=62 (full 0):
 garbage-first heap   total 839680K, used 321295K [0x0000000700000000, 0x0000000800000000)
  region size 2048K, 8 young (16384K), 8 survivors (16384K)
 Metaspace       used 155293K, committed 157376K, reserved 1245184K
  class space    used 20204K, committed 21120K, reserved 1048576K
}
Event: 1339.369 GC heap before
{Heap before GC invocations=63 (full 0):
 garbage-first heap   total 839680K, used 687887K [0x0000000700000000, 0x0000000800000000)
  region size 2048K, 197 young (403456K), 8 survivors (16384K)
 Metaspace       used 158751K, committed 160960K, reserved 1245184K
  class space    used 20498K, committed 21504K, reserved 1048576K
}
Event: 1339.717 GC heap after
{Heap after GC invocations=64 (full 0):
 garbage-first heap   total 839680K, used 309945K [0x0000000700000000, 0x0000000800000000)
  region size 2048K, 13 young (26624K), 13 survivors (26624K)
 Metaspace       used 158751K, committed 160960K, reserved 1245184K
  class space    used 20498K, committed 21504K, reserved 1048576K
}
Event: 1340.782 GC heap before
{Heap before GC invocations=64 (full 0):
 garbage-first heap   total 839680K, used 322233K [0x0000000700000000, 0x0000000800000000)
  region size 2048K, 20 young (40960K), 13 survivors (26624K)
 Metaspace       used 158755K, committed 160960K, reserved 1245184K
  class space    used 20498K, committed 21504K, reserved 1048576K
}
Event: 1341.401 GC heap after
{Heap after GC invocations=65 (full 0):
 garbage-first heap   total 839680K, used 222066K [0x0000000700000000, 0x0000000800000000)
  region size 2048K, 2 young (4096K), 2 survivors (4096K)
 Metaspace       used 158755K, committed 160960K, reserved 1245184K
  class space    used 20498K, committed 21504K, reserved 1048576K
}
Event: 1341.836 GC heap before
{Heap before GC invocations=65 (full 0):
 garbage-first heap   total 839680K, used 256882K [0x0000000700000000, 0x0000000800000000)
  region size 2048K, 20 young (40960K), 2 survivors (4096K)
 Metaspace       used 158755K, committed 160960K, reserved 1245184K
  class space    used 20498K, committed 21504K, reserved 1048576K
}
Event: 1341.957 GC heap after
{Heap after GC invocations=66 (full 0):
 garbage-first heap   total 839680K, used 206633K [0x0000000700000000, 0x0000000800000000)
  region size 2048K, 1 young (2048K), 1 survivors (2048K)
 Metaspace       used 158755K, committed 160960K, reserved 1245184K
  class space    used 20498K, committed 21504K, reserved 1048576K
}
Event: 1342.970 GC heap before
{Heap before GC invocations=66 (full 0):
 garbage-first heap   total 839680K, used 302889K [0x0000000700000000, 0x0000000800000000)
  region size 2048K, 48 young (98304K), 1 survivors (2048K)
 Metaspace       used 158773K, committed 160960K, reserved 1245184K
  class space    used 20502K, committed 21504K, reserved 1048576K
}
Event: 1342.978 GC heap after
{Heap after GC invocations=67 (full 0):
 garbage-first heap   total 839680K, used 207200K [0x0000000700000000, 0x0000000800000000)
  region size 2048K, 1 young (2048K), 1 survivors (2048K)
 Metaspace       used 158773K, committed 160960K, reserved 1245184K
  class space    used 20502K, committed 21504K, reserved 1048576K
}
Event: 1345.634 GC heap before
{Heap before GC invocations=67 (full 0):
 garbage-first heap   total 839680K, used 407904K [0x0000000700000000, 0x0000000800000000)
  region size 2048K, 99 young (202752K), 1 survivors (2048K)
 Metaspace       used 158773K, committed 160960K, reserved 1245184K
  class space    used 20502K, committed 21504K, reserved 1048576K
}
Event: 1345.648 GC heap after
{Heap after GC invocations=68 (full 0):
 garbage-first heap   total 839680K, used 209474K [0x0000000700000000, 0x0000000800000000)
  region size 2048K, 3 young (6144K), 3 survivors (6144K)
 Metaspace       used 158773K, committed 160960K, reserved 1245184K
  class space    used 20502K, committed 21504K, reserved 1048576K
}
Event: 1348.806 GC heap before
{Heap before GC invocations=68 (full 0):
 garbage-first heap   total 839680K, used 531010K [0x0000000700000000, 0x0000000800000000)
  region size 2048K, 155 young (317440K), 3 survivors (6144K)
 Metaspace       used 162864K, committed 164992K, reserved 1245184K
  class space    used 21109K, committed 22080K, reserved 1048576K
}
Event: 1348.953 GC heap after
{Heap after GC invocations=69 (full 0):
 garbage-first heap   total 839680K, used 241791K [0x0000000700000000, 0x0000000800000000)
  region size 2048K, 19 young (38912K), 19 survivors (38912K)
 Metaspace       used 162864K, committed 164992K, reserved 1245184K
  class space    used 21109K, committed 22080K, reserved 1048576K
}
Event: 1348.972 GC heap before
{Heap before GC invocations=69 (full 0):
 garbage-first heap   total 839680K, used 243839K [0x0000000700000000, 0x0000000800000000)
  region size 2048K, 20 young (40960K), 19 survivors (38912K)
 Metaspace       used 162879K, committed 164992K, reserved 1245184K
  class space    used 21112K, committed 22080K, reserved 1048576K
}

